<?xml version="1.0" encoding="UTF-8"?>
<testng-results skipped="4" failed="0" total="4" passed="0">
  <reporter-output>
  </reporter-output>
  <suite name="Suite" duration-ms="12696" started-at="2021-05-21T20:14:12Z" finished-at="2021-05-21T20:14:24Z">
    <groups>
      <group name="hello">
        <method signature="TOne.Test1()[pri:2, instance:SuiteOne.TOne@1375618]" name="Test1" class="SuiteOne.TOne"/>
        <method signature="TOne.Test2()[pri:1, instance:SuiteOne.TOne@1375618]" name="Test2" class="SuiteOne.TOne"/>
        <method signature="Ttwo.Test1()[pri:2, instance:SuiteOne.Ttwo@10399e]" name="Test1" class="SuiteOne.Ttwo"/>
        <method signature="Ttwo.Test2()[pri:1, instance:SuiteOne.Ttwo@10399e]" name="Test2" class="SuiteOne.Ttwo"/>
      </group> <!-- hello -->
    </groups>
    <test name="Test1" duration-ms="12696" started-at="2021-05-21T20:14:12Z" finished-at="2021-05-21T20:14:24Z">
      <class name="SuiteOne.TOne">
        <test-method status="PASS" signature="LaunchBrowser()[pri:0, instance:SuiteOne.TOne@1375618]" name="LaunchBrowser" is-config="true" duration-ms="15" started-at="2021-05-21T21:14:12Z" finished-at="2021-05-21T21:14:12Z">
          <reporter-output>
          </reporter-output>
        </test-method> <!-- LaunchBrowser -->
        <test-method status="PASS" signature="LaunchBrowser()[pri:0, instance:SuiteOne.Ttwo@10399e]" name="LaunchBrowser" is-config="true" duration-ms="0" started-at="2021-05-21T21:14:12Z" finished-at="2021-05-21T21:14:12Z">
          <reporter-output>
          </reporter-output>
        </test-method> <!-- LaunchBrowser -->
        <test-method status="FAIL" signature="SetUp()[pri:0, instance:SuiteOne.TOne@1375618]" name="SetUp" is-config="true" duration-ms="0" started-at="2021-05-21T21:14:12Z" finished-at="2021-05-21T21:14:12Z">
          <exception class="org.openqa.selenium.WebDriverException">
            <message>
              <![CDATA[unknown error: net::ERR_NAME_NOT_RESOLVED
  (Session info: chrome=90.0.4430.212)
Build info: version: '3.141.59', revision: 'e82be7d358', time: '2018-11-14T08:25:53'
System info: host: 'LASST267567', ip: '192.168.1.9', os.name: 'Windows 10', os.arch: 'x86', os.version: '10.0', java.version: '1.8.0_211'
Driver info: org.openqa.selenium.chrome.ChromeDriver
Capabilities {acceptInsecureCerts: false, browserName: chrome, browserVersion: 90.0.4430.212, chrome: {chromedriverVersion: 90.0.4430.24 (4c6d850f087da..., userDataDir: C:\Users\akhapre1\AppData\L...}, goog:chromeOptions: {debuggerAddress: localhost:50499}, javascriptEnabled: true, networkConnectionEnabled: false, pageLoadStrategy: normal, platform: WINDOWS, platformName: WINDOWS, proxy: Proxy(), setWindowRect: true, strictFileInteractability: false, timeouts: {implicit: 0, pageLoad: 300000, script: 30000}, unhandledPromptBehavior: dismiss and notify, webauthn:extension:largeBlob: true, webauthn:virtualAuthenticators: true}
Session ID: a9c43995d5687da107bc2d97a47a713f]]>
            </message>
            <full-stacktrace>
              <![CDATA[org.openqa.selenium.WebDriverException: unknown error: net::ERR_NAME_NOT_RESOLVED
  (Session info: chrome=90.0.4430.212)
Build info: version: '3.141.59', revision: 'e82be7d358', time: '2018-11-14T08:25:53'
System info: host: 'LASST267567', ip: '192.168.1.9', os.name: 'Windows 10', os.arch: 'x86', os.version: '10.0', java.version: '1.8.0_211'
Driver info: org.openqa.selenium.chrome.ChromeDriver
Capabilities {acceptInsecureCerts: false, browserName: chrome, browserVersion: 90.0.4430.212, chrome: {chromedriverVersion: 90.0.4430.24 (4c6d850f087da..., userDataDir: C:\Users\akhapre1\AppData\L...}, goog:chromeOptions: {debuggerAddress: localhost:50499}, javascriptEnabled: true, networkConnectionEnabled: false, pageLoadStrategy: normal, platform: WINDOWS, platformName: WINDOWS, proxy: Proxy(), setWindowRect: true, strictFileInteractability: false, timeouts: {implicit: 0, pageLoad: 300000, script: 30000}, unhandledPromptBehavior: dismiss and notify, webauthn:extension:largeBlob: true, webauthn:virtualAuthenticators: true}
Session ID: a9c43995d5687da107bc2d97a47a713f
	at sun.reflect.NativeConstructorAccessorImpl.newInstance0(Native Method)
	at sun.reflect.NativeConstructorAccessorImpl.newInstance(Unknown Source)
	at sun.reflect.DelegatingConstructorAccessorImpl.newInstance(Unknown Source)
	at java.lang.reflect.Constructor.newInstance(Unknown Source)
	at org.openqa.selenium.remote.http.W3CHttpResponseCodec.createException(W3CHttpResponseCodec.java:187)
	at org.openqa.selenium.remote.http.W3CHttpResponseCodec.decode(W3CHttpResponseCodec.java:122)
	at org.openqa.selenium.remote.http.W3CHttpResponseCodec.decode(W3CHttpResponseCodec.java:49)
	at org.openqa.selenium.remote.HttpCommandExecutor.execute(HttpCommandExecutor.java:158)
	at org.openqa.selenium.remote.service.DriverCommandExecutor.execute(DriverCommandExecutor.java:83)
	at org.openqa.selenium.remote.RemoteWebDriver.execute(RemoteWebDriver.java:552)
	at org.openqa.selenium.remote.RemoteWebDriver.get(RemoteWebDriver.java:277)
	at SuiteOne.TOne.SetUp(TOne.java:27)
	at sun.reflect.NativeMethodAccessorImpl.invoke0(Native Method)
	at sun.reflect.NativeMethodAccessorImpl.invoke(Unknown Source)
	at sun.reflect.DelegatingMethodAccessorImpl.invoke(Unknown Source)
	at java.lang.reflect.Method.invoke(Unknown Source)
	at org.testng.internal.MethodInvocationHelper.invokeMethod(MethodInvocationHelper.java:100)
	at org.testng.internal.Invoker.invokeConfigurationMethod(Invoker.java:515)
	at org.testng.internal.Invoker.invokeConfigurations(Invoker.java:216)
	at org.testng.internal.Invoker.invokeMethod(Invoker.java:590)
	at org.testng.internal.Invoker.invokeTestMethod(Invoker.java:811)
	at org.testng.internal.Invoker.invokeTestMethods(Invoker.java:1129)
	at org.testng.internal.TestMethodWorker.invokeTestMethods(TestMethodWorker.java:129)
	at org.testng.internal.TestMethodWorker.run(TestMethodWorker.java:112)
	at org.testng.TestRunner.privateRun(TestRunner.java:746)
	at org.testng.TestRunner.run(TestRunner.java:600)
	at org.testng.SuiteRunner.runTest(SuiteRunner.java:366)
	at org.testng.SuiteRunner.runSequentially(SuiteRunner.java:361)
	at org.testng.SuiteRunner.privateRun(SuiteRunner.java:319)
	at org.testng.SuiteRunner.run(SuiteRunner.java:268)
	at org.testng.SuiteRunnerWorker.runSuite(SuiteRunnerWorker.java:52)
	at org.testng.SuiteRunnerWorker.run(SuiteRunnerWorker.java:86)
	at org.testng.TestNG.runSuitesSequentially(TestNG.java:1264)
	at org.testng.TestNG.runSuitesLocally(TestNG.java:1189)
	at org.testng.TestNG.runSuites(TestNG.java:1104)
	at org.testng.TestNG.run(TestNG.java:1076)
	at org.testng.remote.AbstractRemoteTestNG.run(AbstractRemoteTestNG.java:126)
	at org.testng.remote.RemoteTestNG.initAndRun(RemoteTestNG.java:152)
	at org.testng.remote.RemoteTestNG.main(RemoteTestNG.java:57)
]]>
            </full-stacktrace>
          </exception> <!-- org.openqa.selenium.WebDriverException -->
          <reporter-output>
          </reporter-output>
        </test-method> <!-- SetUp -->
        <test-method status="SKIP" signature="Test2()[pri:1, instance:SuiteOne.TOne@1375618]" name="Test2" duration-ms="2" started-at="2021-05-21T21:14:20Z" finished-at="2021-05-21T21:14:20Z">
          <reporter-output>
          </reporter-output>
        </test-method> <!-- Test2 -->
        <test-method status="SKIP" signature="ClosePage()[pri:0, instance:SuiteOne.TOne@1375618]" name="ClosePage" is-config="true" duration-ms="0" started-at="2021-05-21T21:14:20Z" finished-at="2021-05-21T21:14:20Z">
          <reporter-output>
          </reporter-output>
        </test-method> <!-- ClosePage -->
        <test-method status="SKIP" signature="SetUp()[pri:0, instance:SuiteOne.TOne@1375618]" name="SetUp" is-config="true" duration-ms="0" started-at="2021-05-21T21:14:20Z" finished-at="2021-05-21T21:14:20Z">
          <reporter-output>
          </reporter-output>
        </test-method> <!-- SetUp -->
        <test-method status="SKIP" signature="Test1()[pri:2, instance:SuiteOne.TOne@1375618]" name="Test1" duration-ms="1" started-at="2021-05-21T21:14:20Z" finished-at="2021-05-21T21:14:20Z">
          <reporter-output>
          </reporter-output>
        </test-method> <!-- Test1 -->
        <test-method status="SKIP" signature="ClosePage()[pri:0, instance:SuiteOne.TOne@1375618]" name="ClosePage" is-config="true" duration-ms="0" started-at="2021-05-21T21:14:20Z" finished-at="2021-05-21T21:14:20Z">
          <reporter-output>
          </reporter-output>
        </test-method> <!-- ClosePage -->
        <test-method status="SKIP" signature="LogOut()[pri:0, instance:SuiteOne.TOne@1375618]" name="LogOut" is-config="true" duration-ms="0" started-at="2021-05-21T21:14:20Z" finished-at="2021-05-21T21:14:20Z">
          <reporter-output>
          </reporter-output>
        </test-method> <!-- LogOut -->
        <test-method status="SKIP" signature="ClearCookies()[pri:0, instance:SuiteOne.TOne@1375618]" name="ClearCookies" is-config="true" duration-ms="0" started-at="2021-05-21T21:14:24Z" finished-at="2021-05-21T21:14:24Z">
          <reporter-output>
          </reporter-output>
        </test-method> <!-- ClearCookies -->
        <test-method status="SKIP" signature="ClearCookies()[pri:0, instance:SuiteOne.Ttwo@10399e]" name="ClearCookies" is-config="true" duration-ms="0" started-at="2021-05-21T21:14:24Z" finished-at="2021-05-21T21:14:24Z">
          <reporter-output>
          </reporter-output>
        </test-method> <!-- ClearCookies -->
        <test-method status="SKIP" signature="CloseBrowser()[pri:0, instance:SuiteOne.TOne@1375618]" name="CloseBrowser" is-config="true" duration-ms="0" started-at="2021-05-21T21:14:25Z" finished-at="2021-05-21T21:14:25Z">
          <reporter-output>
          </reporter-output>
        </test-method> <!-- CloseBrowser -->
        <test-method status="SKIP" signature="CloseBrowser()[pri:0, instance:SuiteOne.Ttwo@10399e]" name="CloseBrowser" is-config="true" duration-ms="0" started-at="2021-05-21T21:14:25Z" finished-at="2021-05-21T21:14:25Z">
          <reporter-output>
          </reporter-output>
        </test-method> <!-- CloseBrowser -->
      </class> <!-- SuiteOne.TOne -->
      <class name="SuiteOne.Ttwo">
        <test-method status="FAIL" signature="SetUp()[pri:0, instance:SuiteOne.Ttwo@10399e]" name="SetUp" is-config="true" duration-ms="0" started-at="2021-05-21T21:14:20Z" finished-at="2021-05-21T21:14:20Z">
          <exception class="org.openqa.selenium.WebDriverException">
            <message>
              <![CDATA[unknown error: net::ERR_NAME_NOT_RESOLVED
  (Session info: chrome=90.0.4430.212)
Build info: version: '3.141.59', revision: 'e82be7d358', time: '2018-11-14T08:25:53'
System info: host: 'LASST267567', ip: '192.168.1.9', os.name: 'Windows 10', os.arch: 'x86', os.version: '10.0', java.version: '1.8.0_211'
Driver info: org.openqa.selenium.chrome.ChromeDriver
Capabilities {acceptInsecureCerts: false, browserName: chrome, browserVersion: 90.0.4430.212, chrome: {chromedriverVersion: 90.0.4430.24 (4c6d850f087da..., userDataDir: C:\Users\akhapre1\AppData\L...}, goog:chromeOptions: {debuggerAddress: localhost:50509}, javascriptEnabled: true, networkConnectionEnabled: false, pageLoadStrategy: normal, platform: WINDOWS, platformName: WINDOWS, proxy: Proxy(), setWindowRect: true, strictFileInteractability: false, timeouts: {implicit: 0, pageLoad: 300000, script: 30000}, unhandledPromptBehavior: dismiss and notify, webauthn:extension:largeBlob: true, webauthn:virtualAuthenticators: true}
Session ID: a794752c0f2a933ef2792890fcd66403]]>
            </message>
            <full-stacktrace>
              <![CDATA[org.openqa.selenium.WebDriverException: unknown error: net::ERR_NAME_NOT_RESOLVED
  (Session info: chrome=90.0.4430.212)
Build info: version: '3.141.59', revision: 'e82be7d358', time: '2018-11-14T08:25:53'
System info: host: 'LASST267567', ip: '192.168.1.9', os.name: 'Windows 10', os.arch: 'x86', os.version: '10.0', java.version: '1.8.0_211'
Driver info: org.openqa.selenium.chrome.ChromeDriver
Capabilities {acceptInsecureCerts: false, browserName: chrome, browserVersion: 90.0.4430.212, chrome: {chromedriverVersion: 90.0.4430.24 (4c6d850f087da..., userDataDir: C:\Users\akhapre1\AppData\L...}, goog:chromeOptions: {debuggerAddress: localhost:50509}, javascriptEnabled: true, networkConnectionEnabled: false, pageLoadStrategy: normal, platform: WINDOWS, platformName: WINDOWS, proxy: Proxy(), setWindowRect: true, strictFileInteractability: false, timeouts: {implicit: 0, pageLoad: 300000, script: 30000}, unhandledPromptBehavior: dismiss and notify, webauthn:extension:largeBlob: true, webauthn:virtualAuthenticators: true}
Session ID: a794752c0f2a933ef2792890fcd66403
	at sun.reflect.NativeConstructorAccessorImpl.newInstance0(Native Method)
	at sun.reflect.NativeConstructorAccessorImpl.newInstance(Unknown Source)
	at sun.reflect.DelegatingConstructorAccessorImpl.newInstance(Unknown Source)
	at java.lang.reflect.Constructor.newInstance(Unknown Source)
	at org.openqa.selenium.remote.http.W3CHttpResponseCodec.createException(W3CHttpResponseCodec.java:187)
	at org.openqa.selenium.remote.http.W3CHttpResponseCodec.decode(W3CHttpResponseCodec.java:122)
	at org.openqa.selenium.remote.http.W3CHttpResponseCodec.decode(W3CHttpResponseCodec.java:49)
	at org.openqa.selenium.remote.HttpCommandExecutor.execute(HttpCommandExecutor.java:158)
	at org.openqa.selenium.remote.service.DriverCommandExecutor.execute(DriverCommandExecutor.java:83)
	at org.openqa.selenium.remote.RemoteWebDriver.execute(RemoteWebDriver.java:552)
	at org.openqa.selenium.remote.RemoteWebDriver.get(RemoteWebDriver.java:277)
	at SuiteOne.Ttwo.SetUp(Ttwo.java:27)
	at sun.reflect.NativeMethodAccessorImpl.invoke0(Native Method)
	at sun.reflect.NativeMethodAccessorImpl.invoke(Unknown Source)
	at sun.reflect.DelegatingMethodAccessorImpl.invoke(Unknown Source)
	at java.lang.reflect.Method.invoke(Unknown Source)
	at org.testng.internal.MethodInvocationHelper.invokeMethod(MethodInvocationHelper.java:100)
	at org.testng.internal.Invoker.invokeConfigurationMethod(Invoker.java:515)
	at org.testng.internal.Invoker.invokeConfigurations(Invoker.java:216)
	at org.testng.internal.Invoker.invokeMethod(Invoker.java:590)
	at org.testng.internal.Invoker.invokeTestMethod(Invoker.java:811)
	at org.testng.internal.Invoker.invokeTestMethods(Invoker.java:1129)
	at org.testng.internal.TestMethodWorker.invokeTestMethods(TestMethodWorker.java:129)
	at org.testng.internal.TestMethodWorker.run(TestMethodWorker.java:112)
	at org.testng.TestRunner.privateRun(TestRunner.java:746)
	at org.testng.TestRunner.run(TestRunner.java:600)
	at org.testng.SuiteRunner.runTest(SuiteRunner.java:366)
	at org.testng.SuiteRunner.runSequentially(SuiteRunner.java:361)
	at org.testng.SuiteRunner.privateRun(SuiteRunner.java:319)
	at org.testng.SuiteRunner.run(SuiteRunner.java:268)
	at org.testng.SuiteRunnerWorker.runSuite(SuiteRunnerWorker.java:52)
	at org.testng.SuiteRunnerWorker.run(SuiteRunnerWorker.java:86)
	at org.testng.TestNG.runSuitesSequentially(TestNG.java:1264)
	at org.testng.TestNG.runSuitesLocally(TestNG.java:1189)
	at org.testng.TestNG.runSuites(TestNG.java:1104)
	at org.testng.TestNG.run(TestNG.java:1076)
	at org.testng.remote.AbstractRemoteTestNG.run(AbstractRemoteTestNG.java:126)
	at org.testng.remote.RemoteTestNG.initAndRun(RemoteTestNG.java:152)
	at org.testng.remote.RemoteTestNG.main(RemoteTestNG.java:57)
]]>
            </full-stacktrace>
          </exception> <!-- org.openqa.selenium.WebDriverException -->
          <reporter-output>
          </reporter-output>
        </test-method> <!-- SetUp -->
        <test-method status="SKIP" signature="Test2()[pri:1, instance:SuiteOne.Ttwo@10399e]" name="Test2" duration-ms="4" started-at="2021-05-21T21:14:24Z" finished-at="2021-05-21T21:14:24Z">
          <reporter-output>
          </reporter-output>
        </test-method> <!-- Test2 -->
        <test-method status="SKIP" signature="ClosePage()[pri:0, instance:SuiteOne.Ttwo@10399e]" name="ClosePage" is-config="true" duration-ms="0" started-at="2021-05-21T21:14:24Z" finished-at="2021-05-21T21:14:24Z">
          <reporter-output>
          </reporter-output>
        </test-method> <!-- ClosePage -->
        <test-method status="SKIP" signature="SetUp()[pri:0, instance:SuiteOne.Ttwo@10399e]" name="SetUp" is-config="true" duration-ms="0" started-at="2021-05-21T21:14:24Z" finished-at="2021-05-21T21:14:24Z">
          <reporter-output>
          </reporter-output>
        </test-method> <!-- SetUp -->
        <test-method status="SKIP" signature="Test1()[pri:2, instance:SuiteOne.Ttwo@10399e]" name="Test1" duration-ms="1" started-at="2021-05-21T21:14:24Z" finished-at="2021-05-21T21:14:24Z">
          <reporter-output>
          </reporter-output>
        </test-method> <!-- Test1 -->
        <test-method status="SKIP" signature="ClosePage()[pri:0, instance:SuiteOne.Ttwo@10399e]" name="ClosePage" is-config="true" duration-ms="0" started-at="2021-05-21T21:14:24Z" finished-at="2021-05-21T21:14:24Z">
          <reporter-output>
          </reporter-output>
        </test-method> <!-- ClosePage -->
        <test-method status="SKIP" signature="LogOut()[pri:0, instance:SuiteOne.Ttwo@10399e]" name="LogOut" is-config="true" duration-ms="0" started-at="2021-05-21T21:14:24Z" finished-at="2021-05-21T21:14:24Z">
          <reporter-output>
          </reporter-output>
        </test-method> <!-- LogOut -->
      </class> <!-- SuiteOne.Ttwo -->
    </test> <!-- Test1 -->
  </suite> <!-- Suite -->
</testng-results>
